PLINK v1.90b6.18 64-bit (16 Jun 2020)
Options in effect:
  --bfile SRS
  --chr-set 29
  --keep Geno_IDs.txt
  --make-bed
  --out SRS2

Hostname: BFGN
Working directory: C:\Post_Doc_UNESP\Cursos_congressos_discip\Disciplina_Caunesp_2025\Dia4\Pratica
Start time: Wed Jul 02 15:42:47 2025

Random number seed: 1751481767
16068 MB RAM detected; reserving 8034 MB for main workspace.
42790 variants loaded from .bim file.
2130 samples (0 males, 0 females, 2130 ambiguous) loaded from .fam.
Ambiguous sex IDs written to SRS2.nosex .
--keep: 1000 samples remaining.
Using 1 thread (no multithreaded calculations invoked).
Before main variant filters, 1000 founders and 0 nonfounders present.
Calculating allele frequencies... done.
Total genotyping rate in remaining samples is 0.92446.
42790 variants and 1000 samples pass filters and QC.
Note: No phenotypes present.
--make-bed to SRS2.bed + SRS2.bim + SRS2.fam ... done.

End time: Wed Jul 02 15:42:47 2025
